<?xml version="1.0" encoding="UTF-8"?>
<!-- Generated by org.testng.reporters.JUnitReportReporter -->
<testsuite hostname="Priti" failures="0" tests="1" name="dataDrivenTest.DDRealTime02" time="9.867" errors="0" timestamp="2024-03-22T14:15:09 IST" skipped="0">
  <testcase classname="dataDrivenTest.DDRealTime02" name="validLogin" time="9.867"/>
</testsuite> <!-- dataDrivenTest.DDRealTime02 -->
