<?xml version="1.0" encoding="UTF-8"?>
<!-- Generated by org.testng.reporters.JUnitReportReporter -->
<testsuite hostname="Priti" failures="0" tests="3" name="com.Test.Selenium_Project.AlertinSelenium" time="5.070" errors="0" timestamp="2024-03-21T13:15:17 IST" skipped="0">
  <testcase classname="com.Test.Selenium_Project.AlertinSelenium" name="firstAlert" time="4.159"/>
  <testcase classname="com.Test.Selenium_Project.AlertinSelenium" name="secondAlert" time="0.485"/>
  <testcase classname="com.Test.Selenium_Project.AlertinSelenium" name="thirdAlert" time="0.426"/>
</testsuite> <!-- com.Test.Selenium_Project.AlertinSelenium -->
