<?xml version="1.0" encoding="UTF-8"?>
<!-- Generated by org.testng.reporters.JUnitReportReporter -->
<testsuite hostname="Priti" failures="0" tests="2" name="com.Test.Selenium_Project.Selenium04" time="18.797" errors="0" timestamp="2024-03-21T01:00:56 IST" skipped="0">
  <testcase classname="com.Test.Selenium_Project.Selenium04" name="validLogin" time="12.892"/>
  <testcase classname="com.Test.Selenium_Project.Selenium04" name="invalidLogin" time="5.905"/>
</testsuite> <!-- com.Test.Selenium_Project.Selenium04 -->
