<?xml version="1.0" encoding="UTF-8"?>
<!-- Generated by org.testng.reporters.JUnitReportReporter -->
<testsuite hostname="Priti" failures="0" tests="2" name="dataDrivenTest.DDTRealTime01" time="15.892" errors="0" timestamp="2024-03-22T13:35:44 IST" skipped="0">
  <testcase classname="dataDrivenTest.DDTRealTime01" name="testDataDriven" time="8.849"/>
  <testcase classname="dataDrivenTest.DDTRealTime01" name="testDataDriven" time="7.043"/>
</testsuite> <!-- dataDrivenTest.DDTRealTime01 -->
