<?xml version="1.0" encoding="UTF-8"?>
<!-- Generated by org.testng.reporters.JUnitReportReporter -->
<testsuite hostname="Priti" failures="0" tests="1" name="com.Test.Selenium_Project.orangeHRM" time="7.072" errors="0" timestamp="2024-03-20T23:36:00 IST" skipped="0">
  <testcase classname="com.Test.Selenium_Project.orangeHRM" name="validLogin" time="7.072"/>
</testsuite> <!-- com.Test.Selenium_Project.orangeHRM -->
